<?xml version="1.0" encoding="UTF-8"?>
<!-- Generated by org.testng.reporters.JUnitReportReporter -->
<testsuite hostname="DESKTOP-LN63G42" failures="0" tests="3" name="api.test.UserTests2" time="6.380" errors="0" timestamp="2023-08-19T03:37:39 CDT" skipped="0">
  <testcase classname="api.test.UserTests2" name="updateUserByName" time="3.856"/>
  <testcase classname="api.test.UserTests2" name="testUser" time="1.273"/>
  <testcase classname="api.test.UserTests2" name="testUserByName" time="1.251"/>
</testsuite> <!-- api.test.UserTests2 -->
