<?xml version="1.0" encoding="UTF-8"?>
<!-- Generated by org.testng.reporters.JUnitReportReporter -->
<testsuite hostname="DESKTOP-LN63G42" failures="0" tests="3" name="api.test.UserTests" time="6.304" errors="0" timestamp="2023-08-19T02:07:15 CDT" skipped="0">
  <testcase classname="api.test.UserTests" name="updateUserByName" time="3.806"/>
  <testcase classname="api.test.UserTests" name="testUser" time="1.254"/>
  <testcase classname="api.test.UserTests" name="testUserByName" time="1.244"/>
</testsuite> <!-- api.test.UserTests -->
